[debug] [2024-03-21T11:47:28.548Z] ----------------------------------------------------------------------
[debug] [2024-03-21T11:47:28.550Z] Command:       /usr/local/bin/node /usr/local/bin/firebase init
[debug] [2024-03-21T11:47:28.550Z] CLI Version:   13.5.2
[debug] [2024-03-21T11:47:28.550Z] Platform:      darwin
[debug] [2024-03-21T11:47:28.550Z] Node Version:  v20.11.1
[debug] [2024-03-21T11:47:28.550Z] Time:          Thu Mar 21 2024 17:17:28 GMT+0530 (India Standard Time)
[debug] [2024-03-21T11:47:28.550Z] ----------------------------------------------------------------------
[debug] 
[debug] [2024-03-21T11:47:28.551Z] >>> [apiv2][query] GET https://firebase-public.firebaseio.com/cli.json [none]
[debug] [2024-03-21T11:47:28.575Z] > command requires scopes: ["email","openid","https://www.googleapis.com/auth/cloudplatformprojects.readonly","https://www.googleapis.com/auth/firebase","https://www.googleapis.com/auth/cloud-platform"]
[debug] [2024-03-21T11:47:28.575Z] > authorizing via signed-in user (bitlords88@gmail.com)
[info] 
     ######## #### ########  ######## ########     ###     ######  ########
     ##        ##  ##     ## ##       ##     ##  ##   ##  ##       ##
     ######    ##  ########  ######   ########  #########  ######  ######
     ##        ##  ##    ##  ##       ##     ## ##     ##       ## ##
     ##       #### ##     ## ######## ########  ##     ##  ######  ########

You're about to initialize a Firebase project in this directory:

  /Users/shantanubasumatary/Desktop/web-technology

[debug] [2024-03-21T11:47:29.172Z] <<< [apiv2][status] GET https://firebase-public.firebaseio.com/cli.json 200
[debug] [2024-03-21T11:47:29.173Z] <<< [apiv2][body] GET https://firebase-public.firebaseio.com/cli.json {"cloudBuildErrorAfter":1594252800000,"cloudBuildWarnAfter":1590019200000,"defaultNode10After":1594252800000,"minVersion":"3.0.5","node8DeploysDisabledAfter":1613390400000,"node8RuntimeDisabledAfter":1615809600000,"node8WarnAfter":1600128000000}
[debug] [2024-03-21T12:17:01.811Z] ----------------------------------------------------------------------
[debug] [2024-03-21T12:17:01.817Z] Command:       /usr/local/bin/node /usr/local/bin/firebase init
[debug] [2024-03-21T12:17:01.817Z] CLI Version:   13.5.2
[debug] [2024-03-21T12:17:01.817Z] Platform:      darwin
[debug] [2024-03-21T12:17:01.817Z] Node Version:  v20.11.1
[debug] [2024-03-21T12:17:01.817Z] Time:          Thu Mar 21 2024 17:47:01 GMT+0530 (India Standard Time)
[debug] [2024-03-21T12:17:01.817Z] ----------------------------------------------------------------------
[debug] 
[debug] [2024-03-21T12:17:01.819Z] > command requires scopes: ["email","openid","https://www.googleapis.com/auth/cloudplatformprojects.readonly","https://www.googleapis.com/auth/firebase","https://www.googleapis.com/auth/cloud-platform"]
[debug] [2024-03-21T12:17:01.819Z] > authorizing via signed-in user (bitlords88@gmail.com)
[info] 
     ######## #### ########  ######## ########     ###     ######  ########
     ##        ##  ##     ## ##       ##     ##  ##   ##  ##       ##
     ######    ##  ########  ######   ########  #########  ######  ######
     ##        ##  ##    ##  ##       ##     ## ##     ##       ## ##
     ##       #### ##     ## ######## ########  ##     ##  ######  ########

You're about to initialize a Firebase project in this directory:

  /Users/shantanubasumatary/Desktop/web-technology

